2025-06-25 16:38:24,632 - __main__ - INFO - 应用程序启动
2025-06-25 16:38:45,449 - core.downloader - INFO - 初始化下载器，代理：None，超时：30.0秒
2025-06-25 16:52:05,276 - __main__ - INFO - 应用程序启动
2025-06-25 16:52:16,298 - core.downloader - INFO - 初始化下载器，代理：None，超时：30.0秒
2025-06-25 16:59:44,175 - __main__ - INFO - 应用程序启动
2025-06-25 16:59:52,504 - services.proxy - WARNING - 没有配置代理服务器
2025-06-25 16:59:52,505 - core.downloader - INFO - 初始化下载器，代理：None，超时：30.0秒
2025-06-25 22:59:50 - __main__ - INFO - 程序启动
2025-06-25 22:59:50 - src.utils.config_manager - DEBUG - 保存配置成功
2025-06-25 22:59:50 - src.utils.config_manager - DEBUG - 创建默认配置
2025-06-25 22:59:50 - src.utils.config_manager - DEBUG - 初始化配置管理器完成
2025-06-25 22:59:50 - src.utils.logger - DEBUG - [ThemeManager] 主题加载完成
2025-06-25 22:59:50 - src.core.task_manager - DEBUG - 任务文件不存在
2025-06-25 22:59:50 - src.core.task_manager - DEBUG - 初始化任务管理器完成
2025-06-25 22:59:51 - src.core.creator_manager - ERROR - 加载提取器失败: No module named 'src.extractors.tiktok'
2025-06-25 22:59:51 - src.gui.components.task_list - DEBUG - 设置任务列表界面完成
2025-06-25 22:59:51 - src.gui.components.task_list - DEBUG - 连接任务列表信号完成
2025-06-25 22:59:51 - src.gui.components.task_list - DEBUG - 初始化任务列表组件完成
2025-06-25 22:59:51 - src.gui.components.task_manager_widget - DEBUG - 设置任务管理器组件界面完成
2025-06-25 22:59:51 - src.gui.components.task_manager_widget - DEBUG - 连接任务管理器组件信号完成
2025-06-25 22:59:51 - src.gui.components.task_manager_widget - DEBUG - 初始化任务管理器组件完成
2025-06-25 22:59:51 - src.gui.windows.main_window - DEBUG - 设置主窗口界面完成
2025-06-25 22:59:51 - src.gui.windows.main_window - DEBUG - 连接信号完成
2025-06-25 22:59:51 - src.utils.config_manager - DEBUG - 设置配置: appearance.theme = 深色
2025-06-25 22:59:51 - src.utils.config_manager - DEBUG - 保存配置成功
2025-06-25 22:59:51 - src.gui.windows.main_window - DEBUG - 加载配置完成
2025-06-25 22:59:51 - src.gui.windows.main_window - DEBUG - 主窗口初始化完成
2025-06-25 22:59:51 - src.gui.windows.main_window - DEBUG - 更新状态栏: 总任务: 0 | 下载中: 0 | 已完成: 0 | 失败: 0 | 总速度: 0.0 B/s/s
2025-06-25 22:59:51 - src.gui.components.task_list - DEBUG - 刷新任务列表完成
2025-06-25 22:59:56 - src.gui.windows.main_window - DEBUG - 更新状态栏: 总任务: 0 | 下载中: 0 | 已完成: 0 | 失败: 0 | 总速度: 0.0 B/s/s
2025-06-25 23:00:01 - src.gui.windows.main_window - DEBUG - 更新状态栏: 总任务: 0 | 下载中: 0 | 已完成: 0 | 失败: 0 | 总速度: 0.0 B/s/s
2025-06-25 23:00:06 - src.gui.windows.main_window - DEBUG - 更新状态栏: 总任务: 0 | 下载中: 0 | 已完成: 0 | 失败: 0 | 总速度: 0.0 B/s/s
2025-06-25 23:00:11 - src.gui.windows.main_window - DEBUG - 更新状态栏: 总任务: 0 | 下载中: 0 | 已完成: 0 | 失败: 0 | 总速度: 0.0 B/s/s
2025-06-25 23:00:16 - src.gui.windows.main_window - DEBUG - 更新状态栏: 总任务: 0 | 下载中: 0 | 已完成: 0 | 失败: 0 | 总速度: 0.0 B/s/s
2025-06-25 23:00:21 - src.gui.windows.main_window - DEBUG - 更新状态栏: 总任务: 0 | 下载中: 0 | 已完成: 0 | 失败: 0 | 总速度: 0.0 B/s/s
2025-06-25 23:00:24 - src.gui.windows.main_window - ERROR - 处理窗口关闭事件失败: 'MainWindow' object has no attribute '_save_config'
2025-06-25 23:00:36 - __main__ - INFO - 程序启动
2025-06-25 23:00:36 - src.utils.config_manager - DEBUG - 加载配置成功
2025-06-25 23:00:36 - src.utils.config_manager - DEBUG - 初始化配置管理器完成
2025-06-25 23:00:36 - src.utils.logger - DEBUG - [ThemeManager] 主题加载完成
2025-06-25 23:00:36 - src.core.task_manager - DEBUG - 任务文件不存在
2025-06-25 23:00:36 - src.core.task_manager - DEBUG - 初始化任务管理器完成
2025-06-25 23:00:37 - src.core.creator_manager - ERROR - 加载提取器失败: No module named 'src.extractors.tiktok'
2025-06-25 23:00:37 - src.gui.components.task_list - DEBUG - 设置任务列表界面完成
2025-06-25 23:00:37 - src.gui.components.task_list - DEBUG - 连接任务列表信号完成
2025-06-25 23:00:37 - src.gui.components.task_list - DEBUG - 初始化任务列表组件完成
2025-06-25 23:00:37 - src.gui.components.task_manager_widget - DEBUG - 设置任务管理器组件界面完成
2025-06-25 23:00:37 - src.gui.components.task_manager_widget - DEBUG - 连接任务管理器组件信号完成
2025-06-25 23:00:37 - src.gui.components.task_manager_widget - DEBUG - 初始化任务管理器组件完成
2025-06-25 23:00:37 - src.gui.windows.main_window - DEBUG - 设置主窗口界面完成
2025-06-25 23:00:37 - src.gui.windows.main_window - DEBUG - 连接信号完成
2025-06-25 23:00:37 - src.utils.config_manager - DEBUG - 设置配置: appearance.theme = 深色
2025-06-25 23:00:37 - src.utils.config_manager - DEBUG - 保存配置成功
2025-06-25 23:00:37 - src.gui.windows.main_window - DEBUG - 加载配置完成
2025-06-25 23:00:37 - src.gui.windows.main_window - DEBUG - 主窗口初始化完成
2025-06-25 23:00:37 - src.gui.windows.main_window - DEBUG - 更新状态栏: 总任务: 0 | 下载中: 0 | 已完成: 0 | 失败: 0 | 总速度: 0.0 B/s/s
2025-06-25 23:00:37 - src.gui.components.task_list - DEBUG - 刷新任务列表完成
2025-06-25 23:00:38 - src.gui.windows.main_window - ERROR - 处理窗口关闭事件失败: 'MainWindow' object has no attribute '_save_config'
2025-06-25 23:04:54 - __main__ - INFO - 程序启动
2025-06-25 23:04:54 - src.utils.config_manager - DEBUG - 加载配置成功
2025-06-25 23:04:54 - src.utils.config_manager - DEBUG - 初始化配置管理器完成
2025-06-25 23:04:54 - src.utils.logger - DEBUG - [ThemeManager] 主题加载完成
2025-06-25 23:04:54 - src.core.task_manager - DEBUG - 任务文件不存在
2025-06-25 23:04:54 - src.core.task_manager - DEBUG - 初始化任务管理器完成
2025-06-25 23:04:55 - src.core.creator_manager - ERROR - 加载提取器失败: No module named 'src.extractors.tiktok'
2025-06-25 23:04:55 - src.gui.components.task_list - DEBUG - 设置任务列表界面完成
2025-06-25 23:04:55 - src.gui.components.task_list - DEBUG - 连接任务列表信号完成
2025-06-25 23:04:55 - src.gui.components.task_list - DEBUG - 初始化任务列表组件完成
2025-06-25 23:04:55 - src.gui.components.task_manager_widget - DEBUG - 设置任务管理器组件界面完成
2025-06-25 23:04:55 - src.gui.components.task_manager_widget - DEBUG - 连接任务管理器组件信号完成
2025-06-25 23:04:55 - src.gui.components.task_manager_widget - DEBUG - 初始化任务管理器组件完成
2025-06-25 23:04:55 - src.gui.windows.main_window - DEBUG - 设置主窗口界面完成
2025-06-25 23:04:55 - src.gui.windows.main_window - DEBUG - 连接信号完成
2025-06-25 23:04:55 - src.utils.config_manager - DEBUG - 设置配置: appearance.theme = 深色
2025-06-25 23:04:55 - src.utils.config_manager - DEBUG - 保存配置成功
2025-06-25 23:04:55 - src.gui.windows.main_window - DEBUG - 加载配置完成
2025-06-25 23:04:55 - src.gui.windows.main_window - DEBUG - 主窗口初始化完成
2025-06-25 23:04:55 - src.gui.windows.main_window - DEBUG - 更新状态栏: 总任务: 0 | 下载中: 0 | 已完成: 0 | 失败: 0 | 总速度: 0.0 B/s/s
2025-06-25 23:04:55 - src.gui.components.task_list - DEBUG - 刷新任务列表完成
2025-06-25 23:04:57 - src.gui.windows.main_window - ERROR - 处理窗口关闭事件失败: 'MainWindow' object has no attribute '_save_config'
2025-06-25 23:06:21 - __main__ - INFO - 程序启动
2025-06-25 23:06:21 - src.utils.config_manager - DEBUG - 加载配置成功
2025-06-25 23:06:21 - src.utils.config_manager - DEBUG - 初始化配置管理器完成
2025-06-25 23:06:21 - src.utils.logger - DEBUG - [ThemeManager] 主题加载完成
2025-06-25 23:06:21 - src.core.task_manager - DEBUG - 任务文件不存在
2025-06-25 23:06:21 - src.core.task_manager - DEBUG - 初始化任务管理器完成
2025-06-25 23:06:21 - src.core.creator_manager - ERROR - 加载提取器失败: No module named 'src.extractors.tiktok'
2025-06-25 23:06:21 - src.gui.components.task_list - DEBUG - 设置任务列表界面完成
2025-06-25 23:06:21 - src.gui.components.task_list - DEBUG - 连接任务列表信号完成
2025-06-25 23:06:21 - src.gui.components.task_list - DEBUG - 初始化任务列表组件完成
2025-06-25 23:06:21 - src.gui.components.task_manager_widget - DEBUG - 设置任务管理器组件界面完成
2025-06-25 23:06:21 - src.gui.components.task_manager_widget - DEBUG - 连接任务管理器组件信号完成
2025-06-25 23:06:21 - src.gui.components.task_manager_widget - DEBUG - 初始化任务管理器组件完成
2025-06-25 23:06:21 - src.gui.windows.main_window - DEBUG - 设置主窗口界面完成
2025-06-25 23:06:21 - src.gui.windows.main_window - DEBUG - 连接信号完成
2025-06-25 23:06:21 - src.utils.config_manager - DEBUG - 设置配置: appearance.theme = 深色
2025-06-25 23:06:21 - src.utils.config_manager - DEBUG - 保存配置成功
2025-06-25 23:06:21 - src.gui.windows.main_window - DEBUG - 加载配置完成
2025-06-25 23:06:21 - src.gui.windows.main_window - DEBUG - 主窗口初始化完成
2025-06-25 23:06:21 - src.gui.windows.main_window - DEBUG - 更新状态栏: 总任务: 0 | 下载中: 0 | 已完成: 0 | 失败: 0 | 总速度: 0.0 B/s/s
2025-06-25 23:06:21 - src.gui.components.task_list - DEBUG - 刷新任务列表完成
