2025-06-25 17:03:42,180 - __main__ - INFO - åº”ç”¨ç¨‹åºå¯åŠ¨ï¼Œå·¥ä½œç›®å½•ï¼šE:\test\6.25
2025-06-25 17:03:51,954 - services.proxy - INFO - æ­£åœ¨æµ‹è¯•ä»£ç†: http://127.0.0.1:7890
2025-06-25 17:03:53,469 - services.proxy - INFO - ä»£ç†æµ‹è¯•æˆåŠŸ: http://127.0.0.1:7890
2025-06-25 17:03:53,471 - services.proxy - INFO - æ‰¾åˆ°å¯ç”¨ä»£ç†: http://127.0.0.1:7890
2025-06-25 17:03:53,471 - core.downloader - INFO - åˆå§‹åŒ–ä¸‹è½½å™¨ï¼Œä»£ç†ï¼šhttp://127.0.0.1:7890ï¼Œè¶…æ—¶ï¼š30.0ç§’
2025-06-25 17:03:58,152 - plugins.youtube.downloader - INFO - ä½¿ç”¨ä»£ç†: http://127.0.0.1:7890
2025-06-25 17:04:02,915 - plugins.youtube.downloader - INFO - ä¸‹è½½è¿›åº¦: 0.0%
2025-06-25 17:04:02,916 - plugins.youtube.downloader - INFO - ä¸‹è½½è¿›åº¦: 0.0%
2025-06-25 17:04:02,920 - plugins.youtube.downloader - INFO - ä¸‹è½½è¿›åº¦: 0.0%
2025-06-25 17:04:02,921 - plugins.youtube.downloader - INFO - ä¸‹è½½è¿›åº¦: 0.1%
2025-06-25 17:04:02,968 - plugins.youtube.downloader - INFO - ä¸‹è½½è¿›åº¦: 0.1%
2025-06-25 17:04:03,019 - plugins.youtube.downloader - INFO - ä¸‹è½½è¿›åº¦: 0.3%
2025-06-25 17:04:03,067 - plugins.youtube.downloader - INFO - ä¸‹è½½è¿›åº¦: 0.6%
2025-06-25 17:04:03,124 - plugins.youtube.downloader - INFO - ä¸‹è½½è¿›åº¦: 1.2%
2025-06-25 17:04:03,233 - plugins.youtube.downloader - INFO - ä¸‹è½½è¿›åº¦: 2.4%
2025-06-25 17:04:03,315 - plugins.youtube.downloader - INFO - ä¸‹è½½è¿›åº¦: 4.8%
2025-06-25 17:04:03,399 - plugins.youtube.downloader - INFO - ä¸‹è½½è¿›åº¦: 9.6%
2025-06-25 17:04:03,616 - plugins.youtube.downloader - INFO - ä¸‹è½½è¿›åº¦: 19.3%
2025-06-25 17:04:03,749 - plugins.youtube.downloader - INFO - ä¸‹è½½è¿›åº¦: 38.6%
2025-06-25 17:04:03,934 - plugins.youtube.downloader - INFO - ä¸‹è½½è¿›åº¦: 46.4%
2025-06-25 17:04:04,435 - plugins.youtube.downloader - INFO - ä¸‹è½½è¿›åº¦: 46.4%
2025-06-25 17:04:04,436 - plugins.youtube.downloader - INFO - ä¸‹è½½è¿›åº¦: 46.4%
2025-06-25 17:04:04,436 - plugins.youtube.downloader - INFO - ä¸‹è½½è¿›åº¦: 46.4%
2025-06-25 17:04:04,437 - plugins.youtube.downloader - INFO - ä¸‹è½½è¿›åº¦: 46.5%
2025-06-25 17:04:04,493 - plugins.youtube.downloader - INFO - ä¸‹è½½è¿›åº¦: 46.6%
2025-06-25 17:04:04,542 - plugins.youtube.downloader - INFO - ä¸‹è½½è¿›åº¦: 46.7%
2025-06-25 17:04:04,593 - plugins.youtube.downloader - INFO - ä¸‹è½½è¿›åº¦: 47.0%
2025-06-25 17:04:04,648 - plugins.youtube.downloader - INFO - ä¸‹è½½è¿›åº¦: 47.6%
2025-06-25 17:04:04,767 - plugins.youtube.downloader - INFO - ä¸‹è½½è¿›åº¦: 48.8%
2025-06-25 17:04:04,840 - plugins.youtube.downloader - INFO - ä¸‹è½½è¿›åº¦: 51.2%
2025-06-25 17:04:05,065 - plugins.youtube.downloader - INFO - ä¸‹è½½è¿›åº¦: 56.1%
2025-06-25 17:04:05,083 - plugins.youtube.downloader - INFO - ä¸‹è½½è¿›åº¦: 65.7%
2025-06-25 17:04:05,314 - plugins.youtube.downloader - INFO - ä¸‹è½½è¿›åº¦: 85.0%
2025-06-25 17:04:05,481 - plugins.youtube.downloader - INFO - ä¸‹è½½è¿›åº¦: 93.3%
2025-06-25 17:04:06,461 - plugins.youtube.downloader - INFO - ä¸‹è½½è¿›åº¦: 93.4%
2025-06-25 17:04:06,462 - plugins.youtube.downloader - INFO - ä¸‹è½½è¿›åº¦: 93.4%
2025-06-25 17:04:06,462 - plugins.youtube.downloader - INFO - ä¸‹è½½è¿›åº¦: 93.4%
2025-06-25 17:04:06,463 - plugins.youtube.downloader - INFO - ä¸‹è½½è¿›åº¦: 93.4%
2025-06-25 17:04:06,486 - plugins.youtube.downloader - INFO - ä¸‹è½½è¿›åº¦: 93.5%
2025-06-25 17:04:06,603 - plugins.youtube.downloader - INFO - ä¸‹è½½è¿›åº¦: 93.6%
2025-06-25 17:04:06,678 - plugins.youtube.downloader - INFO - ä¸‹è½½è¿›åº¦: 93.9%
2025-06-25 17:04:06,782 - plugins.youtube.downloader - INFO - ä¸‹è½½è¿›åº¦: 94.6%
2025-06-25 17:04:06,934 - plugins.youtube.downloader - INFO - ä¸‹è½½è¿›åº¦: 95.8%
2025-06-25 17:04:07,106 - plugins.youtube.downloader - INFO - ä¸‹è½½è¿›åº¦: 98.2%
2025-06-25 17:04:07,299 - plugins.youtube.downloader - INFO - ä¸‹è½½è¿›åº¦: 100.0%
2025-06-25 17:04:07,301 - plugins.youtube.downloader - INFO - ä¸‹è½½å®Œæˆ
2025-06-25 21:28:47,829 - __main__ - INFO - åº”ç”¨ç¨‹åºå¯åŠ¨ï¼Œå·¥ä½œç›®å½•ï¼šE:\test\6.25
2025-06-25 21:31:43,205 - __main__ - INFO - åº”ç”¨ç¨‹åºå¯åŠ¨ï¼Œå·¥ä½œç›®å½•ï¼šE:\test\6.25
2025-06-25 21:32:02,854 - services.proxy - INFO - æ­£åœ¨æµ‹è¯•ä»£ç†: http://127.0.0.1:7890
2025-06-25 21:32:03,748 - services.proxy - INFO - ä»£ç†æµ‹è¯•æˆåŠŸ: http://127.0.0.1:7890
2025-06-25 21:32:03,749 - services.proxy - INFO - æ‰¾åˆ°å¯ç”¨ä»£ç†: http://127.0.0.1:7890
2025-06-25 21:32:03,749 - core.downloader - INFO - åˆå§‹åŒ–ä¸‹è½½å™¨ï¼Œä»£ç†ï¼šhttp://127.0.0.1:7890ï¼Œè¶…æ—¶ï¼š30.0ç§’
2025-06-25 21:32:05,043 - plugins.youtube.downloader - INFO - ä½¿ç”¨ä»£ç†: http://127.0.0.1:7890
2025-06-25 22:12:02,925 - __main__ - INFO - åº”ç”¨ç¨‹åºå¯åŠ¨ï¼Œå·¥ä½œç›®å½•ï¼šE:\test\6.25
2025-06-25 22:58:49,087 - __main__ - INFO - åº”ç”¨ç¨‹åºå¯åŠ¨ï¼Œå·¥ä½œç›®å½•ï¼šE:\test\6.25
2025-06-25 23:04:07,067 - __main__ - INFO - åº”ç”¨ç¨‹åºå¯åŠ¨ï¼Œå·¥ä½œç›®å½•ï¼šE:\test\6.25
2025-06-25 23:04:34,513 - __main__ - INFO - åº”ç”¨ç¨‹åºå¯åŠ¨ï¼Œå·¥ä½œç›®å½•ï¼šE:\test\6.25
2025-06-25 23:04:50,623 - src.main - INFO - åº”ç”¨ç¨‹åºå¯åŠ¨ï¼Œå·¥ä½œç›®å½•ï¼šE:\test\6.25
2025-06-25 23:05:16,500 - src.main - INFO - åº”ç”¨ç¨‹åºå¯åŠ¨ï¼Œå·¥ä½œç›®å½•ï¼šE:\test\6.25
2025-06-25 23:05:34,057 - __main__ - INFO - åº”ç”¨ç¨‹åºå¯åŠ¨ï¼Œå·¥ä½œç›®å½•ï¼šE:\test\6.25
2025-06-25 23:05:37,389 - __main__ - INFO - åº”ç”¨ç¨‹åºå¯åŠ¨ï¼Œå·¥ä½œç›®å½•ï¼šE:\test\6.25
2025-06-25 23:08:32,953 - __main__ - INFO - åº”ç”¨ç¨‹åºå¯åŠ¨ï¼Œå·¥ä½œç›®å½•ï¼šE:\test\6.25
2025-06-25 23:08:32,953 - __main__ - INFO - Python è·¯å¾„ï¼š['E:\\test\\6.25', 'C:\\Program Files\\Python310\\python310.zip', 'C:\\Program Files\\Python310\\DLLs', 'C:\\Program Files\\Python310\\lib', 'C:\\Program Files\\Python310', 'C:\\Users\\Wang\\AppData\\Roaming\\Python\\Python310\\site-packages', 'C:\\Program Files\\Python310\\lib\\site-packages', 'E:\\test\\6.25\\src']
2025-06-25 23:08:32,953 - __main__ - INFO - __file__: E:\test\6.25\src\main.py
2025-06-25 23:09:39,302 - __main__ - INFO - åº”ç”¨ç¨‹åºå¯åŠ¨ï¼Œå·¥ä½œç›®å½•ï¼šE:\test\6.25
2025-06-25 23:09:39,302 - __main__ - INFO - Python è·¯å¾„ï¼š['E:\\test\\6.25', 'C:\\Program Files\\Python310\\python310.zip', 'C:\\Program Files\\Python310\\DLLs', 'C:\\Program Files\\Python310\\lib', 'C:\\Program Files\\Python310', 'C:\\Users\\Wang\\AppData\\Roaming\\Python\\Python310\\site-packages', 'C:\\Program Files\\Python310\\lib\\site-packages', 'E:\\test\\6.25\\src']
2025-06-25 23:09:39,303 - __main__ - INFO - __file__: E:\test\6.25\src\main.py
2025-06-25 23:19:07,859 - __main__ - INFO - åº”ç”¨ç¨‹åºå¯åŠ¨ï¼Œå·¥ä½œç›®å½•ï¼šE:\test\6.25
2025-06-25 23:19:07,859 - __main__ - INFO - Python è·¯å¾„ï¼š['E:\\test\\6.25', 'C:\\Program Files\\Python310\\python310.zip', 'C:\\Program Files\\Python310\\DLLs', 'C:\\Program Files\\Python310\\lib', 'C:\\Program Files\\Python310', 'C:\\Users\\Wang\\AppData\\Roaming\\Python\\Python310\\site-packages', 'C:\\Program Files\\Python310\\lib\\site-packages', 'E:\\test\\6.25\\src']
2025-06-25 23:19:07,859 - __main__ - INFO - __file__: E:\test\6.25\src\main.py
2025-06-25 23:57:12,622 - __main__ - INFO - åº”ç”¨ç¨‹åºå¯åŠ¨ï¼Œå·¥ä½œç›®å½•ï¼šE:\test\6.25
2025-06-25 23:57:12,622 - __main__ - INFO - Python è·¯å¾„ï¼š['E:\\test\\6.25', 'C:\\Program Files\\Python310\\python310.zip', 'C:\\Program Files\\Python310\\DLLs', 'C:\\Program Files\\Python310\\lib', 'C:\\Program Files\\Python310', 'C:\\Users\\Wang\\AppData\\Roaming\\Python\\Python310\\site-packages', 'C:\\Program Files\\Python310\\lib\\site-packages', 'E:\\test\\6.25\\src']
2025-06-25 23:57:12,624 - __main__ - INFO - __file__: E:\test\6.25\src\main.py
2025-06-26 07:12:17,513 - __main__ - INFO - åº”ç”¨ç¨‹åºå¯åŠ¨ï¼Œå·¥ä½œç›®å½•ï¼šE:\test\6.25
2025-06-26 07:12:17,513 - __main__ - INFO - Python è·¯å¾„ï¼š['E:\\test\\6.25', 'C:\\Program Files\\Python310\\python310.zip', 'C:\\Program Files\\Python310\\DLLs', 'C:\\Program Files\\Python310\\lib', 'C:\\Program Files\\Python310', 'C:\\Users\\Wang\\AppData\\Roaming\\Python\\Python310\\site-packages', 'C:\\Program Files\\Python310\\lib\\site-packages', 'E:\\test\\6.25\\src']
2025-06-26 07:12:17,514 - __main__ - INFO - __file__: E:\test\6.25\src\main.py
2025-06-26 07:46:30,037 - __main__ - INFO - åº”ç”¨ç¨‹åºå¯åŠ¨ï¼Œå·¥ä½œç›®å½•ï¼šE:\test\6.25
2025-06-26 07:46:30,038 - __main__ - INFO - Python è·¯å¾„ï¼š['E:\\test\\6.25', 'C:\\Program Files\\Python310\\python310.zip', 'C:\\Program Files\\Python310\\DLLs', 'C:\\Program Files\\Python310\\lib', 'C:\\Program Files\\Python310', 'C:\\Users\\Wang\\AppData\\Roaming\\Python\\Python310\\site-packages', 'C:\\Program Files\\Python310\\lib\\site-packages', 'E:\\test\\6.25\\src']
2025-06-26 07:46:30,039 - __main__ - INFO - __file__: E:\test\6.25\src\main.py
2025-06-26 07:46:42,988 - ui.main_window - ERROR - ä¸‹è½½å¤±è´¥: YouTubeDownloader.__init__() missing 1 required positional argument: 'save_dir'
2025-06-26 08:08:40,917 - __main__ - INFO - åº”ç”¨ç¨‹åºå¯åŠ¨ï¼Œå·¥ä½œç›®å½•ï¼šE:\test\6.25
2025-06-26 08:08:40,917 - __main__ - INFO - Python è·¯å¾„ï¼š['E:\\test\\6.25', 'C:\\Program Files\\Python310\\python310.zip', 'C:\\Program Files\\Python310\\DLLs', 'C:\\Program Files\\Python310\\lib', 'C:\\Program Files\\Python310', 'C:\\Users\\Wang\\AppData\\Roaming\\Python\\Python310\\site-packages', 'C:\\Program Files\\Python310\\lib\\site-packages', 'E:\\test\\6.25\\src']
2025-06-26 08:08:40,917 - __main__ - INFO - __file__: E:\test\6.25\src\main.py
2025-06-26 08:40:28,123 - __main__ - INFO - åº”ç”¨ç¨‹åºå¯åŠ¨ï¼Œå·¥ä½œç›®å½•ï¼šE:\test\6.25
2025-06-26 08:40:28,124 - __main__ - INFO - Python è·¯å¾„ï¼š['E:\\test\\6.25', 'C:\\Program Files\\Python310\\python310.zip', 'C:\\Program Files\\Python310\\DLLs', 'C:\\Program Files\\Python310\\lib', 'C:\\Program Files\\Python310', 'C:\\Users\\Wang\\AppData\\Roaming\\Python\\Python310\\site-packages', 'C:\\Program Files\\Python310\\lib\\site-packages', 'E:\\test\\6.25\\src']
2025-06-26 08:40:28,124 - __main__ - INFO - __file__: E:\test\6.25\src\main.py
2025-06-26 11:20:14,452 - __main__ - INFO - åº”ç”¨ç¨‹åºå¯åŠ¨ï¼Œå·¥ä½œç›®å½•ï¼šE:\test\6.25
2025-06-26 11:20:14,452 - __main__ - INFO - Python è·¯å¾„ï¼š['E:\\test\\6.25', 'C:\\Program Files\\Python310\\python310.zip', 'C:\\Program Files\\Python310\\DLLs', 'C:\\Program Files\\Python310\\lib', 'C:\\Program Files\\Python310', 'C:\\Users\\Wang\\AppData\\Roaming\\Python\\Python310\\site-packages', 'C:\\Program Files\\Python310\\lib\\site-packages', 'E:\\test\\6.25\\src']
2025-06-26 11:20:14,454 - __main__ - INFO - __file__: E:\test\6.25\src\main.py
2025-06-26 13:57:55,324 - __main__ - INFO - åº”ç”¨ç¨‹åºå¯åŠ¨ï¼Œå·¥ä½œç›®å½•ï¼šE:\test\6.25
2025-06-26 13:57:55,324 - __main__ - INFO - Python è·¯å¾„ï¼š['E:\\test\\6.25', 'C:\\Program Files\\Python310\\python310.zip', 'C:\\Program Files\\Python310\\DLLs', 'C:\\Program Files\\Python310\\lib', 'C:\\Program Files\\Python310', 'C:\\Users\\Wang\\AppData\\Roaming\\Python\\Python310\\site-packages', 'C:\\Program Files\\Python310\\lib\\site-packages', 'E:\\test\\6.25\\src']
2025-06-26 13:57:55,326 - __main__ - INFO - __file__: E:\test\6.25\src\main.py
2025-06-26 15:03:25,127 - __main__ - INFO - åº”ç”¨ç¨‹åºå¯åŠ¨ï¼Œå·¥ä½œç›®å½•ï¼šE:\test\6.25
2025-06-26 15:03:25,128 - __main__ - INFO - Python è·¯å¾„ï¼š['E:\\test\\6.25', 'C:\\Program Files\\Python310\\python310.zip', 'C:\\Program Files\\Python310\\DLLs', 'C:\\Program Files\\Python310\\lib', 'C:\\Program Files\\Python310', 'C:\\Users\\Wang\\AppData\\Roaming\\Python\\Python310\\site-packages', 'C:\\Program Files\\Python310\\lib\\site-packages', 'E:\\test\\6.25\\src']
2025-06-26 15:03:25,128 - __main__ - INFO - __file__: E:\test\6.25\src\main.py
2025-06-26 18:35:27,850 - __main__ - INFO - åº”ç”¨ç¨‹åºå¯åŠ¨ï¼Œå·¥ä½œç›®å½•ï¼šE:\test\6.25
2025-06-26 18:35:27,850 - __main__ - INFO - Python è·¯å¾„ï¼š['E:\\test\\6.25', 'C:\\Program Files\\Python310\\python310.zip', 'C:\\Program Files\\Python310\\DLLs', 'C:\\Program Files\\Python310\\lib', 'C:\\Program Files\\Python310', 'C:\\Users\\Wang\\AppData\\Roaming\\Python\\Python310\\site-packages', 'C:\\Program Files\\Python310\\lib\\site-packages', 'E:\\test\\6.25\\src']
2025-06-26 18:35:27,851 - __main__ - INFO - __file__: E:\test\6.25\src\main.py
2025-06-26 20:12:40,289 - __main__ - INFO - åº”ç”¨ç¨‹åºå¯åŠ¨ï¼Œå·¥ä½œç›®å½•ï¼šE:\test\6.25
2025-06-26 20:12:40,289 - __main__ - INFO - Python è·¯å¾„ï¼š['E:\\test\\6.25', 'C:\\Program Files\\Python310\\python310.zip', 'C:\\Program Files\\Python310\\DLLs', 'C:\\Program Files\\Python310\\lib', 'C:\\Program Files\\Python310', 'C:\\Users\\Wang\\AppData\\Roaming\\Python\\Python310\\site-packages', 'C:\\Program Files\\Python310\\lib\\site-packages', 'E:\\test\\6.25\\src']
2025-06-26 20:12:40,289 - __main__ - INFO - __file__: E:\test\6.25\src\main.py
2025-06-26 21:15:30,331 - __main__ - INFO - åº”ç”¨ç¨‹åºå¯åŠ¨ï¼Œå·¥ä½œç›®å½•ï¼šE:\test\6.25
2025-06-26 21:15:30,331 - __main__ - INFO - Python è·¯å¾„ï¼š['E:\\test\\6.25', 'C:\\Program Files\\Python310\\python310.zip', 'C:\\Program Files\\Python310\\DLLs', 'C:\\Program Files\\Python310\\lib', 'C:\\Program Files\\Python310', 'C:\\Users\\Wang\\AppData\\Roaming\\Python\\Python310\\site-packages', 'C:\\Program Files\\Python310\\lib\\site-packages', 'E:\\test\\6.25\\src']
2025-06-26 21:15:30,332 - __main__ - INFO - __file__: E:\test\6.25\src\main.py
2025-06-26 21:15:30,364 - src.core.downloader - INFO - åˆå§‹åŒ–ä¸‹è½½å™¨: save_dir=downloads, proxy=None
2025-06-26 21:16:40,787 - __main__ - INFO - åº”ç”¨ç¨‹åºå¯åŠ¨ï¼Œå·¥ä½œç›®å½•ï¼šE:\test\6.25
2025-06-26 21:16:40,787 - __main__ - INFO - Python è·¯å¾„ï¼š['E:\\test\\6.25', 'C:\\Program Files\\Python310\\python310.zip', 'C:\\Program Files\\Python310\\DLLs', 'C:\\Program Files\\Python310\\lib', 'C:\\Program Files\\Python310', 'C:\\Users\\Wang\\AppData\\Roaming\\Python\\Python310\\site-packages', 'C:\\Program Files\\Python310\\lib\\site-packages', 'E:\\test\\6.25\\src']
2025-06-26 21:16:40,788 - __main__ - INFO - __file__: E:\test\6.25\src\main.py
2025-06-26 21:16:40,811 - src.core.downloader - INFO - åˆå§‹åŒ–ä¸‹è½½å™¨: save_dir=downloads, proxy=None
2025-06-26 21:39:20,372 - __main__ - INFO - åº”ç”¨ç¨‹åºå¯åŠ¨ï¼Œå·¥ä½œç›®å½•ï¼šE:\test\6.25
2025-06-26 21:39:20,372 - __main__ - INFO - Python è·¯å¾„ï¼š['E:\\test\\6.25', 'C:\\Program Files\\Python310\\python310.zip', 'C:\\Program Files\\Python310\\DLLs', 'C:\\Program Files\\Python310\\lib', 'C:\\Program Files\\Python310', 'C:\\Users\\Wang\\AppData\\Roaming\\Python\\Python310\\site-packages', 'C:\\Program Files\\Python310\\lib\\site-packages', 'E:\\test\\6.25\\src']
2025-06-26 21:39:20,374 - __main__ - INFO - __file__: E:\test\6.25\src\main.py
2025-06-26 21:39:20,404 - src.core.downloader - INFO - åˆå§‹åŒ–ä¸‹è½½å™¨: save_dir=downloads, proxy=None
2025-06-26 21:40:40,314 - __main__ - INFO - åº”ç”¨ç¨‹åºå¯åŠ¨ï¼Œå·¥ä½œç›®å½•ï¼šE:\test\6.25
2025-06-26 21:40:40,314 - __main__ - INFO - Python è·¯å¾„ï¼š['E:\\test\\6.25', 'C:\\Program Files\\Python310\\python310.zip', 'C:\\Program Files\\Python310\\DLLs', 'C:\\Program Files\\Python310\\lib', 'C:\\Program Files\\Python310', 'C:\\Users\\Wang\\AppData\\Roaming\\Python\\Python310\\site-packages', 'C:\\Program Files\\Python310\\lib\\site-packages', 'E:\\test\\6.25\\src']
2025-06-26 21:40:40,314 - __main__ - INFO - __file__: E:\test\6.25\src\main.py
2025-06-26 21:40:40,336 - src.core.downloader - INFO - åˆå§‹åŒ–ä¸‹è½½å™¨: save_dir=downloads, proxy=None
2025-06-26 21:40:48,771 - video_downloader - INFO - å¼€å§‹ä¸‹è½½: https://www.youtube.com/watch?v=1WIm_QeieNA
2025-06-26 21:40:48,772 - video_downloader - ERROR - ä¸‹è½½å‡ºé”™: åŒæ­¥ä¸‹è½½æ–¹æ³•å°šæœªå®ç°
2025-06-26 21:48:13,569 - src.plugins.twitter.downloader - INFO - å·²è¯·æ±‚å–æ¶ˆä¸‹è½½
2025-06-26 21:48:13,570 - video_downloader - INFO - åº”ç”¨ç¨‹åºå…³é—­
2025-06-26 21:48:22,764 - __main__ - INFO - åº”ç”¨ç¨‹åºå¯åŠ¨ï¼Œå·¥ä½œç›®å½•ï¼šE:\test\6.25
2025-06-26 21:48:22,765 - __main__ - INFO - Python è·¯å¾„ï¼š['E:\\test\\6.25', 'C:\\Program Files\\Python310\\python310.zip', 'C:\\Program Files\\Python310\\DLLs', 'C:\\Program Files\\Python310\\lib', 'C:\\Program Files\\Python310', 'C:\\Users\\Wang\\AppData\\Roaming\\Python\\Python310\\site-packages', 'C:\\Program Files\\Python310\\lib\\site-packages', 'E:\\test\\6.25\\src']
2025-06-26 21:48:22,765 - __main__ - INFO - __file__: E:\test\6.25\src\main.py
2025-06-26 21:48:22,786 - src.core.downloader - INFO - åˆå§‹åŒ–ä¸‹è½½å™¨: save_dir=downloads, proxy=http://127.0.0.1:7890
2025-06-26 21:48:28,458 - __main__ - INFO - åº”ç”¨ç¨‹åºå¯åŠ¨ï¼Œå·¥ä½œç›®å½•ï¼šE:\test\6.25
2025-06-26 21:48:28,458 - __main__ - INFO - Python è·¯å¾„ï¼š['E:\\test\\6.25', 'C:\\Program Files\\Python310\\python310.zip', 'C:\\Program Files\\Python310\\DLLs', 'C:\\Program Files\\Python310\\lib', 'C:\\Program Files\\Python310', 'C:\\Users\\Wang\\AppData\\Roaming\\Python\\Python310\\site-packages', 'C:\\Program Files\\Python310\\lib\\site-packages', 'E:\\test\\6.25\\src']
2025-06-26 21:48:28,458 - __main__ - INFO - __file__: E:\test\6.25\src\main.py
2025-06-26 21:48:28,482 - src.core.downloader - INFO - åˆå§‹åŒ–ä¸‹è½½å™¨: save_dir=downloads, proxy=http://127.0.0.1:7890
2025-06-26 21:51:02,911 - __main__ - INFO - åº”ç”¨ç¨‹åºå¯åŠ¨ï¼Œå·¥ä½œç›®å½•ï¼šE:\test\6.25
2025-06-26 21:51:02,911 - __main__ - INFO - Python è·¯å¾„ï¼š['E:\\test\\6.25', 'C:\\Program Files\\Python310\\python310.zip', 'C:\\Program Files\\Python310\\DLLs', 'C:\\Program Files\\Python310\\lib', 'C:\\Program Files\\Python310', 'C:\\Users\\Wang\\AppData\\Roaming\\Python\\Python310\\site-packages', 'C:\\Program Files\\Python310\\lib\\site-packages', 'E:\\test\\6.25\\src']
2025-06-26 21:51:02,911 - __main__ - INFO - __file__: E:\test\6.25\src\main.py
2025-06-26 21:51:02,935 - src.core.downloader - INFO - åˆå§‹åŒ–ä¸‹è½½å™¨: save_dir=downloads, proxy=http://127.0.0.1:7890
2025-06-26 21:51:08,959 - gui - INFO - å¼€å§‹ä¸‹è½½: https://www.youtube.com/watch?v=1WIm_QeieNA
2025-06-26 21:51:14,398 - src.plugins.youtube.downloader - ERROR - ä¸‹è½½å¤±è´¥: Invalid filter specification 'height<={height}'
2025-06-26 21:51:14,399 - gui - ERROR - ä¸‹è½½å‡ºé”™: DownloadError() takes no keyword arguments
2025-06-26 21:52:51,830 - __main__ - INFO - åº”ç”¨ç¨‹åºå¯åŠ¨ï¼Œå·¥ä½œç›®å½•ï¼šE:\test\6.25
2025-06-26 21:52:51,830 - __main__ - INFO - Python è·¯å¾„ï¼š['E:\\test\\6.25', 'C:\\Program Files\\Python310\\python310.zip', 'C:\\Program Files\\Python310\\DLLs', 'C:\\Program Files\\Python310\\lib', 'C:\\Program Files\\Python310', 'C:\\Users\\Wang\\AppData\\Roaming\\Python\\Python310\\site-packages', 'C:\\Program Files\\Python310\\lib\\site-packages', 'E:\\test\\6.25\\src']
2025-06-26 21:52:51,830 - __main__ - INFO - __file__: E:\test\6.25\src\main.py
2025-06-26 21:52:51,850 - src.core.downloader - INFO - åˆå§‹åŒ–ä¸‹è½½å™¨: save_dir=downloads, proxy=http://127.0.0.1:7890
2025-06-26 21:52:56,653 - gui - INFO - å¼€å§‹ä¸‹è½½: https://www.youtube.com/watch?v=1WIm_QeieNA
2025-06-26 21:53:08,373 - src.plugins.youtube.downloader - ERROR - ä¸‹è½½å¤±è´¥: unsupported operand type(s) for /: 'NoneType' and 'int'
2025-06-26 21:53:08,373 - gui - ERROR - ä¸‹è½½å‡ºé”™: unsupported operand type(s) for /: 'NoneType' and 'int'
2025-06-26 21:56:58,245 - __main__ - INFO - åº”ç”¨ç¨‹åºå¯åŠ¨ï¼Œå·¥ä½œç›®å½•ï¼šE:\test\6.25
2025-06-26 21:56:58,245 - __main__ - INFO - Python è·¯å¾„ï¼š['E:\\test\\6.25', 'C:\\Program Files\\Python310\\python310.zip', 'C:\\Program Files\\Python310\\DLLs', 'C:\\Program Files\\Python310\\lib', 'C:\\Program Files\\Python310', 'C:\\Users\\Wang\\AppData\\Roaming\\Python\\Python310\\site-packages', 'C:\\Program Files\\Python310\\lib\\site-packages', 'E:\\test\\6.25\\src']
2025-06-26 21:56:58,245 - __main__ - INFO - __file__: E:\test\6.25\src\main.py
2025-06-26 21:56:58,266 - src.core.downloader - INFO - åˆå§‹åŒ–ä¸‹è½½å™¨: save_dir=downloads, proxy=http://127.0.0.1:7890
2025-06-26 21:57:05,545 - gui - INFO - å¼€å§‹ä¸‹è½½: https://www.youtube.com/watch?v=1WIm_QeieNA
2025-06-26 21:57:23,104 - gui - INFO - ä¸‹è½½å®Œæˆ
2025-06-26 21:57:53,590 - gui - INFO - å¼€å§‹ä¸‹è½½: https://cn.pornhub.com/view_video.php?viewkey=6779248bc1b3d
2025-06-26 21:57:57,555 - src.plugins.youtube.extractor - WARNING - è§†é¢‘æœ‰å¹´é¾„é™åˆ¶: https://cn.pornhub.com/view_video.php?viewkey=6779248bc1b3d
2025-06-26 21:58:07,886 - src.plugins.youtube.downloader - ERROR - ä¸‹è½½å¤±è´¥: [0;31mERROR:[0m [PornHub] 6779248bc1b3d: Unable to download webpage: EOF occurred in violation of protocol (_ssl.c:1007) (caused by SSLError('EOF occurred in violation of protocol (_ssl.c:1007)')); please report this issue on  https://github.com/yt-dlp/yt-dlp/issues?q= , filling out the appropriate issue template. Confirm you are on the latest version using  yt-dlp -U
2025-06-26 21:58:08,291 - gui - ERROR - ä¸‹è½½å‡ºé”™: [0;31mERROR:[0m [PornHub] 6779248bc1b3d: Unable to download webpage: EOF occurred in violation of protocol (_ssl.c:1007) (caused by SSLError('EOF occurred in violation of protocol (_ssl.c:1007)')); please report this issue on  https://github.com/yt-dlp/yt-dlp/issues?q= , filling out the appropriate issue template. Confirm you are on the latest version using  yt-dlp -U
